Replace Part C1 100nF 50V 5% X7R 0603 in C:\Users\User\OneDrive - Queensland University of Technology\2020 QUTMS\Sensor Adaptor Board\GSB-S02-V00-Microcontroller.SchDoc with 100nF 50V 5% X7R 0603 from StandardCapacitors.SchLib
Replace Part C2 4u7 50V 5% X7R 0603 in C:\Users\User\OneDrive - Queensland University of Technology\2020 QUTMS\Sensor Adaptor Board\GSB-S02-V00-Microcontroller.SchDoc with 4u7 50V 5% X7R 0603 from StandardCapacitors.SchLib
Replace Part C3 100nF 50V 5% X7R 0603 in C:\Users\User\OneDrive - Queensland University of Technology\2020 QUTMS\Sensor Adaptor Board\GSB-S02-V00-Microcontroller.SchDoc with 100nF 50V 5% X7R 0603 from StandardCapacitors.SchLib
Replace Part C4 4u7 50V 5% X7R 0603 in C:\Users\User\OneDrive - Queensland University of Technology\2020 QUTMS\Sensor Adaptor Board\GSB-S02-V00-Microcontroller.SchDoc with 4u7 50V 5% X7R 0603 from StandardCapacitors.SchLib
Replace Part C5 100nF 50V 5% X7R 0603 in C:\Users\User\OneDrive - Queensland University of Technology\2020 QUTMS\Sensor Adaptor Board\GSB-S02-V00-Microcontroller.SchDoc with 100nF 50V 5% X7R 0603 from StandardCapacitors.SchLib
Replace Part C6 4u7 50V 5% X7R 0603 in C:\Users\User\OneDrive - Queensland University of Technology\2020 QUTMS\Sensor Adaptor Board\GSB-S02-V00-Microcontroller.SchDoc with 4u7 50V 5% X7R 0603 from StandardCapacitors.SchLib
Replace Part C7 100nF 50V 5% X7R 0603 in C:\Users\User\OneDrive - Queensland University of Technology\2020 QUTMS\Sensor Adaptor Board\GSB-S02-V00-Microcontroller.SchDoc with 100nF 50V 5% X7R 0603 from StandardCapacitors.SchLib
Replace Part C8 100nF 50V 5% X7R 0603 in C:\Users\User\OneDrive - Queensland University of Technology\2020 QUTMS\Sensor Adaptor Board\GSB-S02-V00-Microcontroller.SchDoc with 100nF 50V 5% X7R 0603 from StandardCapacitors.SchLib
Replace Part C12 100nF 50V 5% X7R 0603 in C:\Users\User\OneDrive - Queensland University of Technology\2020 QUTMS\Sensor Adaptor Board\GSB-S02-V00-Microcontroller.SchDoc with 100nF 50V 5% X7R 0603 from StandardCapacitors.SchLib
Replace Part DS1 LED Orange 0603 in C:\Users\User\OneDrive - Queensland University of Technology\2020 QUTMS\Sensor Adaptor Board\GSB-S02-V00-Microcontroller.SchDoc with LED Orange 0603 from QUTMS_LEDLibrary.SchLib
Replace Part DS2 LED Orange 0603 in C:\Users\User\OneDrive - Queensland University of Technology\2020 QUTMS\Sensor Adaptor Board\GSB-S02-V00-Microcontroller.SchDoc with LED Orange 0603 from QUTMS_LEDLibrary.SchLib
Replace Part J1 IDC 10P 2x5 1.27mm in C:\Users\User\OneDrive - Queensland University of Technology\2020 QUTMS\Sensor Adaptor Board\GSB-S02-V00-Microcontroller.SchDoc with IDC 10P 2x5 1.27mm from IDCConnectors.SchLib
Replace Part J6 Jumper 3Way Side Pins in C:\Users\User\OneDrive - Queensland University of Technology\2020 QUTMS\Sensor Adaptor Board\GSB-S02-V00-Microcontroller.SchDoc with Jumper 3Way Side Pins from QUTMS_JumperLibrary.SchLib
Replace Part J7 Jumper 2Way Side Pins in C:\Users\User\OneDrive - Queensland University of Technology\2020 QUTMS\Sensor Adaptor Board\GSB-S02-V00-Microcontroller.SchDoc with Jumper 2Way Side Pins from QUTMS_JumperLibrary.SchLib
Replace Part L1 74404064221 in C:\Users\User\OneDrive - Queensland University of Technology\2020 QUTMS\Sensor Adaptor Board\GSB-S02-V00-Microcontroller.SchDoc with 74404064221 from QUTMS_InductorLibrary.SchLib
Replace Part R1 2k2 5% 0603 in C:\Users\User\OneDrive - Queensland University of Technology\2020 QUTMS\Sensor Adaptor Board\GSB-S02-V00-Microcontroller.SchDoc with 2k2 5% 0603 from StandardResistors.SchLib
Replace Part R2 2k2 5% 0603 in C:\Users\User\OneDrive - Queensland University of Technology\2020 QUTMS\Sensor Adaptor Board\GSB-S02-V00-Microcontroller.SchDoc with 2k2 5% 0603 from StandardResistors.SchLib
Replace Part R3 4k7 5% 0603 in C:\Users\User\OneDrive - Queensland University of Technology\2020 QUTMS\Sensor Adaptor Board\GSB-S02-V00-Microcontroller.SchDoc with 4k7 5% 0603 from StandardResistors.SchLib
Replace Part R4 330R 5% 0603 in C:\Users\User\OneDrive - Queensland University of Technology\2020 QUTMS\Sensor Adaptor Board\GSB-S02-V00-Microcontroller.SchDoc with 330R 5% 0603 from StandardResistors.SchLib
Replace Part R5 330R 5% 0603 in C:\Users\User\OneDrive - Queensland University of Technology\2020 QUTMS\Sensor Adaptor Board\GSB-S02-V00-Microcontroller.SchDoc with 330R 5% 0603 from StandardResistors.SchLib
Replace Part SW1 BTN B3U-1000P in C:\Users\User\OneDrive - Queensland University of Technology\2020 QUTMS\Sensor Adaptor Board\GSB-S02-V00-Microcontroller.SchDoc with BTN B3U-1000P from QUTMS_SwitchLibrary.SchLib
Replace Part U2 DSC1001DI1-008.0000T in C:\Users\User\OneDrive - Queensland University of Technology\2020 QUTMS\Sensor Adaptor Board\GSB-S02-V00-Microcontroller.SchDoc with DSC1001DI1-008.0000T from QUTMS_CrystalLibrary.SchLib
