Added Component: Designator=P1(HDR1X3)
Add component (AddParameter): Name = "LatestRevisionDate"; Value = "17-Jul-2002"; VariantName = "[No Variations]"
Add component (AddParameter): Name = "LatestRevisionNote"; Value = "Re-released for DXP Platform."; VariantName = "[No Variations]"
Add component (AddParameter): Name = "Publisher"; Value = "Altium Limited"; VariantName = "[No Variations]"
Added Component: Designator=P?(HDR1X3)
Add component (AddParameter): Name = "LatestRevisionDate"; Value = "17-Jul-2002"; VariantName = "[No Variations]"
Add component (AddParameter): Name = "LatestRevisionNote"; Value = "Re-released for DXP Platform."; VariantName = "[No Variations]"
Add component (AddParameter): Name = "Publisher"; Value = "Altium Limited"; VariantName = "[No Variations]"
Added Component: Designator=U1(FP-DDC0006A-MFG)
Add component (AddParameter): Name = "Automotive"; Value = "No"; VariantName = "[No Variations]"
Add component (AddParameter): Name = "Category"; Value = "IC"; VariantName = "[No Variations]"
Add component (AddParameter): Name = "ComponentLink2Description"; Value = "Datasheet"; VariantName = "[No Variations]"
Add component (AddParameter): Name = "ComponentLink2URL"; Value = "https://www.ti.com/lit/ds/symlink/lmr14010a.pdf"; VariantName = "[No Variations]"
Add component (AddParameter): Name = "Device Class L1"; Value = "Integrated Circuits (ICs)"; VariantName = "[No Variations]"
Add component (AddParameter): Name = "Device Class L2"; Value = "Power Management ICs"; VariantName = "[No Variations]"
Add component (AddParameter): Name = "Device Class L3"; Value = "Voltage Regulators - Switching"; VariantName = "[No Variations]"
Add component (AddParameter): Name = "Digikey Description"; Value = "IC REG BUCK ADJ 1A TSOT23-6"; VariantName = "[No Variations]"
Add component (AddParameter): Name = "Height"; Value = "1.1mm"; VariantName = "[No Variations]"
Add component (AddParameter): Name = "Ipc Land Pattern Name"; Value = "SOT95P280X110-6"; VariantName = "[No Variations]"
Add component (AddParameter): Name = "Lead Free"; Value = "Yes"; VariantName = "[No Variations]"
Add component (AddParameter): Name = "Manufacturer"; Value = "Texas Instruments"; VariantName = "[No Variations]"
Add component (AddParameter): Name = "Manufacturer Part Number"; Value = "LMR14010ADDCR"; VariantName = "[No Variations]"
Add component (AddParameter): Name = "Max Duty Cycle"; Value = "96%"; VariantName = "[No Variations]"
Add component (AddParameter): Name = "Max Junction Temp"; Value = "+125°C"; VariantName = "[No Variations]"
Add component (AddParameter): Name = "Max Supply Voltage"; Value = "40V"; VariantName = "[No Variations]"
Add component (AddParameter): Name = "Min Supply Voltage"; Value = "4V"; VariantName = "[No Variations]"
Add component (AddParameter): Name = "Mouser Description"; Value = "4-V to 40-V, 1-A Step-Down Converter With High Efficiency Eco-Mode 6-SOT-23-THIN -40 to 125"; VariantName = "[No Variations]"
Add component (AddParameter): Name = "Number Of Outputs"; Value = "1"; VariantName = "[No Variations]"
Add component (AddParameter): Name = "Octopart"; Value = "https://octopart.com/lmr14010addcr-texas+instruments-90753290"; VariantName = "[No Variations]"
Add component (AddParameter): Name = "Output Current"; Value = "1A"; VariantName = "[No Variations]"
Add component (AddParameter): Name = "Output Type"; Value = "AdjustableProgrammable"; VariantName = "[No Variations]"
Add component (AddParameter): Name = "Package"; Value = "DDC0006A"; VariantName = "[No Variations]"
Add component (AddParameter): Name = "RoHS"; Value = "TRUE"; VariantName = "[No Variations]"
Add component (AddParameter): Name = "Standoff Height"; Value = "0mm"; VariantName = "[No Variations]"
Add component (AddParameter): Name = "Switching Frequency"; Value = "700kHz"; VariantName = "[No Variations]"
Add component (AddParameter): Name = "Switching Topology"; Value = "Buck"; VariantName = "[No Variations]"
Add component (AddParameter): Name = "Temperature"; Value = "-40°C to +125°C"; VariantName = "[No Variations]"
Add component (AddParameter): Name = "Temperature Range High"; Value = "+125°C"; VariantName = "[No Variations]"
Add component (AddParameter): Name = "Temperature Range Low"; Value = "-40°C"; VariantName = "[No Variations]"
Added Pin To Net: NetName=0 Pin=U1-2
Added Net: Name=0
Added Pin To Net: NetName=3V3 Pin=U1-1
Added Net: Name=3V3
Added Pin To Net: NetName=12V Pin=U1-4
Added Pin To Net: NetName=12V Pin=U1-5
Added Net: Name=12V
Added Net: Name=CAN RX
Added Net: Name=CAN TX
Added Net: Name=CELL ALERT
Added Net: Name=CHG
Added Net: Name=DSG
Added Pin To Net: NetName=GND Pin=P1-3
Added Pin To Net: NetName=GND Pin=P?-3
Added Pin To Net: NetName=GND Pin=U1-2
Added Pin To Net: NetName=GND Pin=U1-6
Added Net: Name=GND
Added Net: Name=I2C1 SCL
Added Net: Name=I2C1 SDA
Added Net: Name=LED0
Added Net: Name=LED1
Added Net: Name=nALARM
Added Pin To Net: NetName=NetCboot_1 Pin=U1-1
Added Net: Name=NetCboot_1
Added Pin To Net: NetName=NetCboot_2 Pin=U1-6
Added Net: Name=NetCboot_2
Added Pin To Net: NetName=NetCin_1 Pin=U1-5
Added Net: Name=NetCin_1
Added Net: Name=NetCout_1
Added Net: Name=NetDS1_1
Added Net: Name=NetDS2_1
Added Net: Name=NetDS?_1
Added Pin To Net: NetName=NetRfbb_1 Pin=U1-3
Added Net: Name=NetRfbb_1
Added Net: Name=NRST
Added Net: Name=OSC IN
Added Pin To Net: NetName=PWR CB 3V3 Pin=U1-1
Added Net: Name=PWR CB 3V3
Added Pin To Net: NetName=PWR FB 3V3 Pin=U1-3
Added Net: Name=PWR FB 3V3
Added Pin To Net: NetName=PWR SW 3V3 Pin=U1-6
Added Net: Name=PWR SW 3V3
Added Net: Name=SWCLK
Added Net: Name=SWDIO
Added Net: Name=TEMP1
Added Net: Name=TEMP2
Added Net: Name=TEMP3
Added Net: Name=TEMP4
Added Net: Name=TEMP5
Added Net: Name=TEMP SOC
Added Pin To Net: NetName=USART1 RX Pin=P?-2
Added Net: Name=USART1 RX
Added Pin To Net: NetName=USART1 TX Pin=P?-1
Added Net: Name=USART1 TX
Added Class: Name=2020-09-21_21-11-581
Added Class: Name=AMU-S02-V00-PSU3V3
Added Class: Name=BMS-S04-V00-Microcontroller
Added Class: Name=DiagramDirty1
Added Room: Name=2020-09-21_21-11-581
Added Room: Name=AMU-S02-V00-PSU3V3
Added Room: Name=BMS-S04-V00-Microcontroller
Added Room: Name=DiagramDirty1
